<?xml version="1.0" encoding="UTF-8"?>
<testng-results skipped="0" failed="0" total="2" passed="2">
  <reporter-output>
  </reporter-output>
  <suite name="Suite" duration-ms="55" started-at="2016-03-08T21:45:08Z" finished-at="2016-03-08T21:45:08Z">
    <groups>
    </groups>
    <test name="Test" duration-ms="55" started-at="2016-03-08T21:45:08Z" finished-at="2016-03-08T21:45:08Z">
      <class name="jesi.second">
        <test-method status="PASS" signature="f()[pri:0, instance:jesi.second@5b519e2b]" name="f" duration-ms="0" started-at="2016-03-09T03:15:08Z" finished-at="2016-03-09T03:15:08Z">
          <reporter-output>
          </reporter-output>
        </test-method> <!-- f -->
      </class> <!-- jesi.second -->
      <class name="jesi.NewTest">
        <test-method status="PASS" signature="f()[pri:0, instance:jesi.NewTest@77f5f74a]" name="f" duration-ms="21" started-at="2016-03-09T03:15:08Z" finished-at="2016-03-09T03:15:08Z">
          <reporter-output>
          </reporter-output>
        </test-method> <!-- f -->
      </class> <!-- jesi.NewTest -->
    </test> <!-- Test -->
  </suite> <!-- Suite -->
</testng-results>
